Using pre-set license
Built from '2020.3/staging' branch; Version is '2020.3.13f1 (71691879b7f5) revision 7432472'; Using compiler version '192528614'; Build Type 'Release'
OS: 'Windows 10 Pro; OS build 19042.1052; Version 2009; 64bit' Language: 'ko' Physical Memory: 16059 MB
BatchMode: 1, IsHumanControllingUs: 0, StartBugReporterOnCrash: 0, Is64bit: 1, IsPro: 0

 COMMAND LINE ARGUMENTS:
C:\Program Files\Unity\Hub\Editor\2020.3.13f1\Editor\Unity.exe
-adb2
-batchMode
-noUpm
-name
AssetImportWorker0
-projectPath
C:/Users/woolp/1st
-logFile
Logs/AssetImportWorker0.log
-srvPort
54516
Successfully changed project path to: C:/Users/woolp/1st
C:/Users/woolp/1st
Using Asset Import Pipeline V2.
Refreshing native plugins compatible for Editor in 74.51 ms, found 3 plugins.
Preloading 0 native plugins for Editor in 0.00 ms.
Initialize engine version: 2020.3.13f1 (71691879b7f5)
[Subsystems] Discovering subsystems at path C:/Program Files/Unity/Hub/Editor/2020.3.13f1/Editor/Data/Resources/UnitySubsystems
[Subsystems] Discovering subsystems at path C:/Users/woolp/1st/Assets
GfxDevice: creating device client; threaded=0
Direct3D:
    Version:  Direct3D 11.0 [level 11.0]
    Renderer: Intel(R) HD Graphics 4000 (ID=0x166)
    Vendor:   
    VRAM:     128 MB
    Driver:   10.18.10.4358
Initialize mono
Mono path[0] = 'C:/Program Files/Unity/Hub/Editor/2020.3.13f1/Editor/Data/Managed'
Mono path[1] = 'C:/Program Files/Unity/Hub/Editor/2020.3.13f1/Editor/Data/MonoBleedingEdge/lib/mono/unityjit'
Mono config path = 'C:/Program Files/Unity/Hub/Editor/2020.3.13f1/Editor/Data/MonoBleedingEdge/etc'
Using monoOptions --debugger-agent=transport=dt_socket,embedding=1,server=y,suspend=n,address=127.0.0.1:56564
Begin MonoManager ReloadAssembly
Registering precompiled unity dll's ...
Register platform support module: C:/Program Files/Unity/Hub/Editor/2020.3.13f1/Editor/Data/PlaybackEngines/WebGLSupport/UnityEditor.WebGL.Extensions.dll
Register platform support module: C:/Program Files/Unity/Hub/Editor/2020.3.13f1/Editor/Data/PlaybackEngines/WindowsStandaloneSupport/UnityEditor.WindowsStandalone.Extensions.dll
Registered in 0.005597 seconds.
Native extension for WindowsStandalone target not found
Native extension for WebGL target not found
Refreshing native plugins compatible for Editor in 75.88 ms, found 3 plugins.
Preloading 0 native plugins for Editor in 0.00 ms.
Mono: successfully reloaded assembly
- Completed reload, in  2.338 seconds
Platform modules already initialized, skipping
Registering precompiled user dll's ...
Registered in 0.010247 seconds.
Begin MonoManager ReloadAssembly
Native extension for WindowsStandalone target not found
Native extension for WebGL target not found
Refreshing native plugins compatible for Editor in 70.73 ms, found 3 plugins.
Preloading 0 native plugins for Editor in 0.00 ms.
Mono: successfully reloaded assembly
- Completed reload, in  1.801 seconds
Platform modules already initialized, skipping
========================================================================
Worker process is ready to serve import requests
Launched and connected shader compiler UnityShaderCompiler.exe after 0.10 seconds
Refreshing native plugins compatible for Editor in 1.06 ms, found 3 plugins.
Preloading 0 native plugins for Editor in 0.00 ms.
Unloading 2233 Unused Serialized files (Serialized files now loaded: 0)
System memory in use before: 97.8 MB.
System memory in use after: 97.8 MB.

Unloading 34 unused Assets to reduce memory usage. Loaded Objects now: 2666.
Total: 3.844200 ms (FindLiveObjects: 0.398700 ms CreateObjectMapping: 0.262000 ms MarkObjects: 2.980900 ms  DeleteObjects: 0.200800 ms)

AssetImportParameters requested are different than current active one (requested -> active):
  custom:framework-win-MediaFoundation: 216162199b28c13a410421893ffa2e32 -> 
  custom:video-decoder-ogg-theora: a1e56fd34408186e4bbccfd4996cb3dc -> 
  custom:container-muxer-webm: aa71ff27fc2769a1b78a27578f13a17b -> 
  custom:container-demuxer-webm: 4f35f7cbe854078d1ac9338744f61a02 -> 
  custom:container-demuxer-ogg: 62fdf1f143b41e24485cea50d1cbac27 -> 
  custom:video-encoder-webm-vp8: eb34c28f22e8b96e1ab97ce403110664 -> 
  custom:video-decoder-webm-vp8: 9c59270c3fd7afecdb556c50c9e8de78 -> 
  custom:audio-decoder-ogg-vorbis: bf7c407c2cedff20999df2af8eb42d56 -> 
  custom:audio-encoder-webm-vorbis: bf7c407c2cedff20999df2af8eb42d56 -> 
========================================================================
Received Import Request.
  path: Assets/Scripts/MonoBehaviours
  artifactKey: Guid(9c629efa659c11543ae9484caebd5975) Importer(815301076,1909f56bfc062723c751e8b465ee728b)
Start importing Assets/Scripts/MonoBehaviours using Guid(9c629efa659c11543ae9484caebd5975) Importer(815301076,1909f56bfc062723c751e8b465ee728b)  -> (artifact id: 'd181f1447f8c0d80e74c16da9ae5d96a') in 0.020653 seconds 
  Import took 0.027127 seconds .

========================================================================
Received Prepare
Registering precompiled user dll's ...
Registered in 0.012903 seconds.
Begin MonoManager ReloadAssembly
Native extension for WindowsStandalone target not found
Native extension for WebGL target not found
Refreshing native plugins compatible for Editor in 0.68 ms, found 3 plugins.
Preloading 0 native plugins for Editor in 0.00 ms.
Mono: successfully reloaded assembly
- Completed reload, in  1.680 seconds
Platform modules already initialized, skipping
Refreshing native plugins compatible for Editor in 1.08 ms, found 3 plugins.
Preloading 0 native plugins for Editor in 0.00 ms.
Unloading 2226 Unused Serialized files (Serialized files now loaded: 0)
System memory in use before: 97.8 MB.
System memory in use after: 97.7 MB.

Unloading 22 unused Assets to reduce memory usage. Loaded Objects now: 2670.
Total: 3.156600 ms (FindLiveObjects: 0.246300 ms CreateObjectMapping: 0.106200 ms MarkObjects: 2.645300 ms  DeleteObjects: 0.157000 ms)

AssetImportParameters requested are different than current active one (requested -> active):
  custom:framework-win-MediaFoundation: 216162199b28c13a410421893ffa2e32 -> 
  custom:video-decoder-ogg-theora: a1e56fd34408186e4bbccfd4996cb3dc -> 
  custom:container-muxer-webm: aa71ff27fc2769a1b78a27578f13a17b -> 
  custom:container-demuxer-webm: 4f35f7cbe854078d1ac9338744f61a02 -> 
  custom:container-demuxer-ogg: 62fdf1f143b41e24485cea50d1cbac27 -> 
  custom:video-encoder-webm-vp8: eb34c28f22e8b96e1ab97ce403110664 -> 
  custom:video-decoder-webm-vp8: 9c59270c3fd7afecdb556c50c9e8de78 -> 
  custom:audio-decoder-ogg-vorbis: bf7c407c2cedff20999df2af8eb42d56 -> 
  custom:audio-encoder-webm-vorbis: bf7c407c2cedff20999df2af8eb42d56 -> 
========================================================================
Received Prepare
Registering precompiled user dll's ...
Registered in 0.009712 seconds.
Begin MonoManager ReloadAssembly
Native extension for WindowsStandalone target not found
Native extension for WebGL target not found
Refreshing native plugins compatible for Editor in 0.74 ms, found 3 plugins.
Preloading 0 native plugins for Editor in 0.00 ms.
Mono: successfully reloaded assembly
- Completed reload, in  1.664 seconds
Platform modules already initialized, skipping
Refreshing native plugins compatible for Editor in 1.04 ms, found 3 plugins.
Preloading 0 native plugins for Editor in 0.00 ms.
Unloading 2227 Unused Serialized files (Serialized files now loaded: 0)
System memory in use before: 97.8 MB.
System memory in use after: 97.8 MB.

Unloading 22 unused Assets to reduce memory usage. Loaded Objects now: 2675.
Total: 3.174600 ms (FindLiveObjects: 0.252900 ms CreateObjectMapping: 0.105100 ms MarkObjects: 2.646500 ms  DeleteObjects: 0.168300 ms)

AssetImportParameters requested are different than current active one (requested -> active):
  custom:framework-win-MediaFoundation: 216162199b28c13a410421893ffa2e32 -> 
  custom:video-decoder-ogg-theora: a1e56fd34408186e4bbccfd4996cb3dc -> 
  custom:container-muxer-webm: aa71ff27fc2769a1b78a27578f13a17b -> 
  custom:container-demuxer-webm: 4f35f7cbe854078d1ac9338744f61a02 -> 
  custom:container-demuxer-ogg: 62fdf1f143b41e24485cea50d1cbac27 -> 
  custom:video-encoder-webm-vp8: eb34c28f22e8b96e1ab97ce403110664 -> 
  custom:video-decoder-webm-vp8: 9c59270c3fd7afecdb556c50c9e8de78 -> 
  custom:audio-decoder-ogg-vorbis: bf7c407c2cedff20999df2af8eb42d56 -> 
  custom:audio-encoder-webm-vorbis: bf7c407c2cedff20999df2af8eb42d56 -> 
========================================================================
Received Import Request.
  Time since last request: 49.542352 seconds.
  path: Assets/Scripts/MonoBehaviours/Character.cs
  artifactKey: Guid(700dc61398e3dd44391f8faf734c2113) Importer(815301076,1909f56bfc062723c751e8b465ee728b)
Start importing Assets/Scripts/MonoBehaviours/Character.cs using Guid(700dc61398e3dd44391f8faf734c2113) Importer(815301076,1909f56bfc062723c751e8b465ee728b)  -> (artifact id: '7c64637c5cdcd35a1168a77b6ff15290') in 0.101194 seconds 
  Import took 0.109288 seconds .

========================================================================
Received Import Request.
  Time since last request: 177.702182 seconds.
  path: Assets/Scripts/MonoBehaviours/Player
  artifactKey: Guid(1803aeb9d6399a141bed5a9afa10dfda) Importer(815301076,1909f56bfc062723c751e8b465ee728b)
Start importing Assets/Scripts/MonoBehaviours/Player using Guid(1803aeb9d6399a141bed5a9afa10dfda) Importer(815301076,1909f56bfc062723c751e8b465ee728b)  -> (artifact id: '5ca1ad09b2444af1513d36d9b9752357') in 0.022772 seconds 
  Import took 0.030333 seconds .

========================================================================
Received Import Request.
  Time since last request: 100.411559 seconds.
  path: Assets/Scripts/MonoBehaviours/Player/Player.cs
  artifactKey: Guid(95a8a7ffafa253740bad475f783b8f62) Importer(815301076,1909f56bfc062723c751e8b465ee728b)
Start importing Assets/Scripts/MonoBehaviours/Player/Player.cs using Guid(95a8a7ffafa253740bad475f783b8f62) Importer(815301076,1909f56bfc062723c751e8b465ee728b)  -> (artifact id: '6a6057220067fff2f1e11dad1b53ed93') in 0.012678 seconds 
  Import took 0.020330 seconds .

========================================================================
Received Prepare
Registering precompiled user dll's ...
Registered in 0.009523 seconds.
Begin MonoManager ReloadAssembly
Native extension for WindowsStandalone target not found
Native extension for WebGL target not found
Refreshing native plugins compatible for Editor in 0.70 ms, found 3 plugins.
Preloading 0 native plugins for Editor in 0.00 ms.
Mono: successfully reloaded assembly
- Completed reload, in  1.747 seconds
Platform modules already initialized, skipping
Refreshing native plugins compatible for Editor in 1.10 ms, found 3 plugins.
Preloading 0 native plugins for Editor in 0.00 ms.
Unloading 2228 Unused Serialized files (Serialized files now loaded: 0)
System memory in use before: 97.9 MB.
System memory in use after: 97.8 MB.

Unloading 22 unused Assets to reduce memory usage. Loaded Objects now: 2680.
Total: 3.638400 ms (FindLiveObjects: 0.254700 ms CreateObjectMapping: 0.104900 ms MarkObjects: 3.106400 ms  DeleteObjects: 0.170300 ms)

AssetImportParameters requested are different than current active one (requested -> active):
  custom:framework-win-MediaFoundation: 216162199b28c13a410421893ffa2e32 -> 
  custom:video-decoder-ogg-theora: a1e56fd34408186e4bbccfd4996cb3dc -> 
  custom:container-muxer-webm: aa71ff27fc2769a1b78a27578f13a17b -> 
  custom:container-demuxer-webm: 4f35f7cbe854078d1ac9338744f61a02 -> 
  custom:container-demuxer-ogg: 62fdf1f143b41e24485cea50d1cbac27 -> 
  custom:video-encoder-webm-vp8: eb34c28f22e8b96e1ab97ce403110664 -> 
  custom:video-decoder-webm-vp8: 9c59270c3fd7afecdb556c50c9e8de78 -> 
  custom:audio-decoder-ogg-vorbis: bf7c407c2cedff20999df2af8eb42d56 -> 
  custom:audio-encoder-webm-vorbis: bf7c407c2cedff20999df2af8eb42d56 -> 
========================================================================
Received Import Request.
  Time since last request: 229.814694 seconds.
  path: Assets/Scripts/MonoBehaviours/Player/Player.cs
  artifactKey: Guid(95a8a7ffafa253740bad475f783b8f62) Importer(815301076,1909f56bfc062723c751e8b465ee728b)
Start importing Assets/Scripts/MonoBehaviours/Player/Player.cs using Guid(95a8a7ffafa253740bad475f783b8f62) Importer(815301076,1909f56bfc062723c751e8b465ee728b)  -> (artifact id: 'cd6edf019c9a94b6676773a60b9bd895') in 0.013355 seconds 
  Import took 0.019692 seconds .

========================================================================
Received Import Request.
  Time since last request: 8.902741 seconds.
  path: Assets/Prefabs/PlayerObject.prefab
  artifactKey: Guid(0bd70efa8b73cd643a0af528c7b5a1f5) Importer(815301076,1909f56bfc062723c751e8b465ee728b)
Start importing Assets/Prefabs/PlayerObject.prefab using Guid(0bd70efa8b73cd643a0af528c7b5a1f5) Importer(815301076,1909f56bfc062723c751e8b465ee728b)  -> (artifact id: 'a319b050aa400c420dc0e92081385827') in 0.195650 seconds 
  Import took 0.202887 seconds .

========================================================================
Received Import Request.
  Time since last request: 9.801218 seconds.
  path: Assets/Prefabs/PlayerObject.prefab
  artifactKey: Guid(0bd70efa8b73cd643a0af528c7b5a1f5) Importer(815301076,1909f56bfc062723c751e8b465ee728b)
Start importing Assets/Prefabs/PlayerObject.prefab using Guid(0bd70efa8b73cd643a0af528c7b5a1f5) Importer(815301076,1909f56bfc062723c751e8b465ee728b)  -> (artifact id: '111b5634ff6272445f69fce59d3c04c2') in 0.035037 seconds 
  Import took 0.043363 seconds .

========================================================================
Received Import Request.
  Time since last request: 0.018864 seconds.
  path: Assets/Prefabs/PlayerObject.prefab
  artifactKey: Guid(0bd70efa8b73cd643a0af528c7b5a1f5) Importer(815301076,1909f56bfc062723c751e8b465ee728b)
Start importing Assets/Prefabs/PlayerObject.prefab using Guid(0bd70efa8b73cd643a0af528c7b5a1f5) Importer(815301076,1909f56bfc062723c751e8b465ee728b)  -> (artifact id: '111b5634ff6272445f69fce59d3c04c2') in 0.031755 seconds 
  Import took 0.039040 seconds .

========================================================================
Received Import Request.
  Time since last request: 12.639378 seconds.
  path: Assets/Prefabs/PlayerObject.prefab
  artifactKey: Guid(0bd70efa8b73cd643a0af528c7b5a1f5) Importer(815301076,1909f56bfc062723c751e8b465ee728b)
Start importing Assets/Prefabs/PlayerObject.prefab using Guid(0bd70efa8b73cd643a0af528c7b5a1f5) Importer(815301076,1909f56bfc062723c751e8b465ee728b)  -> (artifact id: 'ad8437fd1bd553f7f41cb0b251781fe4') in 0.032601 seconds 
  Import took 0.041733 seconds .

========================================================================
Received Import Request.
  Time since last request: 16.652660 seconds.
  path: Assets/Sprites/Objects/hearts-and-coins32x32.png
  artifactKey: Guid(92c4bff18cddd4842b6df8398cd68b2a) Importer(815301076,1909f56bfc062723c751e8b465ee728b)
Start importing Assets/Sprites/Objects/hearts-and-coins32x32.png using Guid(92c4bff18cddd4842b6df8398cd68b2a) Importer(815301076,1909f56bfc062723c751e8b465ee728b)  -> (artifact id: 'e213690c4e1e98b5a33f7c3ce8003121') in 0.220674 seconds 
  Import took 0.227498 seconds .

========================================================================
Received Import Request.
  Time since last request: 57.911688 seconds.
  path: Assets/Sprites/Objects/hearts-and-coins32x32.png
  artifactKey: Guid(92c4bff18cddd4842b6df8398cd68b2a) Importer(815301076,1909f56bfc062723c751e8b465ee728b)
Start importing Assets/Sprites/Objects/hearts-and-coins32x32.png using Guid(92c4bff18cddd4842b6df8398cd68b2a) Importer(815301076,1909f56bfc062723c751e8b465ee728b)  -> (artifact id: '092226d735015d732291a07b2e4c766d') in 0.023589 seconds 
  Import took 0.030666 seconds .

========================================================================
Received Import Request.
  Time since last request: 0.020694 seconds.
  path: Assets/Sprites/Objects/hearts-and-coins32x32.png
  artifactKey: Guid(92c4bff18cddd4842b6df8398cd68b2a) Importer(815301076,1909f56bfc062723c751e8b465ee728b)
Start importing Assets/Sprites/Objects/hearts-and-coins32x32.png using Guid(92c4bff18cddd4842b6df8398cd68b2a) Importer(815301076,1909f56bfc062723c751e8b465ee728b)  -> (artifact id: '092226d735015d732291a07b2e4c766d') in 0.046972 seconds 
  Import took 0.060536 seconds .

========================================================================
Received Import Request.
  Time since last request: 34.348297 seconds.
  path: Assets/Sprites/Objects/hearts-and-coins32x32.png
  artifactKey: Guid(92c4bff18cddd4842b6df8398cd68b2a) Importer(815301076,1909f56bfc062723c751e8b465ee728b)
Start importing Assets/Sprites/Objects/hearts-and-coins32x32.png using Guid(92c4bff18cddd4842b6df8398cd68b2a) Importer(815301076,1909f56bfc062723c751e8b465ee728b)  -> (artifact id: '56e185ae37f0f67a0e4af1e51a11ec84') in 0.067021 seconds 
  Import took 0.074573 seconds .

========================================================================
Received Import Request.
  Time since last request: 443.648385 seconds.
  path: Assets/Animations/Animations/CoinObject.controller
  artifactKey: Guid(bbdcfbd865d6de04187cbcf4a8f7b246) Importer(815301076,1909f56bfc062723c751e8b465ee728b)
Start importing Assets/Animations/Animations/CoinObject.controller using Guid(bbdcfbd865d6de04187cbcf4a8f7b246) Importer(815301076,1909f56bfc062723c751e8b465ee728b)  -> (artifact id: '037fc0291aa35e0d3857d827406c7bdd') in 0.028472 seconds 
  Import took 0.038691 seconds .

========================================================================
Received Import Request.
  Time since last request: 644.682796 seconds.
  path: ProjectSettings/TagManager.asset
  artifactKey: Guid(00000000000000003000000000000000) Importer(815301076,1909f56bfc062723c751e8b465ee728b)
Start importing ProjectSettings/TagManager.asset using Guid(00000000000000003000000000000000) Importer(815301076,1909f56bfc062723c751e8b465ee728b)  -> (artifact id: '50378564367442cab9893ce94b6937d7') in 0.027497 seconds 
  Import took 0.035519 seconds .

========================================================================
Received Import Request.
  Time since last request: 76.272424 seconds.
  path: Assets/Prefabs/CoinObject.prefab
  artifactKey: Guid(6727f0cb6fb90ee4d9bd00f8e1e0120d) Importer(815301076,1909f56bfc062723c751e8b465ee728b)
Start importing Assets/Prefabs/CoinObject.prefab using Guid(6727f0cb6fb90ee4d9bd00f8e1e0120d) Importer(815301076,1909f56bfc062723c751e8b465ee728b)  -> (artifact id: '144c6192c913cfbe055afe16515be562') in 0.038423 seconds 
  Import took 0.046533 seconds .

========================================================================
Received Prepare
Registering precompiled user dll's ...
Registered in 0.013460 seconds.
Begin MonoManager ReloadAssembly
Native extension for WindowsStandalone target not found
Native extension for WebGL target not found
Refreshing native plugins compatible for Editor in 2.29 ms, found 3 plugins.
Preloading 0 native plugins for Editor in 0.00 ms.
Mono: successfully reloaded assembly
- Completed reload, in 18.504 seconds
Platform modules already initialized, skipping
Refreshing native plugins compatible for Editor in 2.46 ms, found 3 plugins.
Preloading 0 native plugins for Editor in 0.00 ms.
Unloading 2228 Unused Serialized files (Serialized files now loaded: 0)
System memory in use before: 100.9 MB.
System memory in use after: 100.9 MB.

Unloading 23 unused Assets to reduce memory usage. Loaded Objects now: 2695.
Total: 14.839200 ms (FindLiveObjects: 0.467300 ms CreateObjectMapping: 0.215400 ms MarkObjects: 13.205700 ms  DeleteObjects: 0.946800 ms)

AssetImportParameters requested are different than current active one (requested -> active):
  custom:framework-win-MediaFoundation: 216162199b28c13a410421893ffa2e32 -> 
  custom:video-decoder-ogg-theora: a1e56fd34408186e4bbccfd4996cb3dc -> 
  custom:container-muxer-webm: aa71ff27fc2769a1b78a27578f13a17b -> 
  custom:container-demuxer-webm: 4f35f7cbe854078d1ac9338744f61a02 -> 
  custom:container-demuxer-ogg: 62fdf1f143b41e24485cea50d1cbac27 -> 
  custom:video-encoder-webm-vp8: eb34c28f22e8b96e1ab97ce403110664 -> 
  custom:video-decoder-webm-vp8: 9c59270c3fd7afecdb556c50c9e8de78 -> 
  custom:audio-decoder-ogg-vorbis: bf7c407c2cedff20999df2af8eb42d56 -> 
  custom:audio-encoder-webm-vorbis: bf7c407c2cedff20999df2af8eb42d56 -> 
========================================================================
Received Import Request.
  Time since last request: 913.696523 seconds.
  path: Assets/Scripts/MonoBehaviours/Player/Player.cs
  artifactKey: Guid(95a8a7ffafa253740bad475f783b8f62) Importer(815301076,1909f56bfc062723c751e8b465ee728b)
Start importing Assets/Scripts/MonoBehaviours/Player/Player.cs using Guid(95a8a7ffafa253740bad475f783b8f62) Importer(815301076,1909f56bfc062723c751e8b465ee728b)  -> (artifact id: '265310205e241981901184728a652753') in 0.040723 seconds 
  Import took 0.054381 seconds .

========================================================================
Received Import Request.
  Time since last request: 0.001510 seconds.
  path: Assets/Scripts/MonoBehaviours/Player/Player.cs
  artifactKey: Guid(95a8a7ffafa253740bad475f783b8f62) Importer(815301076,1909f56bfc062723c751e8b465ee728b)
Start importing Assets/Scripts/MonoBehaviours/Player/Player.cs using Guid(95a8a7ffafa253740bad475f783b8f62) Importer(815301076,1909f56bfc062723c751e8b465ee728b)  -> (artifact id: '265310205e241981901184728a652753') in 0.017625 seconds 
  Import took 0.031195 seconds .

========================================================================
Received Prepare
Registering precompiled user dll's ...
Registered in 0.278105 seconds.
Begin MonoManager ReloadAssembly
Native extension for WindowsStandalone target not found
Native extension for WebGL target not found
Refreshing native plugins compatible for Editor in 0.73 ms, found 3 plugins.
Preloading 0 native plugins for Editor in 0.00 ms.
Mono: successfully reloaded assembly
- Completed reload, in  1.900 seconds
Platform modules already initialized, skipping
Refreshing native plugins compatible for Editor in 1.16 ms, found 3 plugins.
Preloading 0 native plugins for Editor in 0.00 ms.
Unloading 2228 Unused Serialized files (Serialized files now loaded: 0)
System memory in use before: 100.8 MB.
System memory in use after: 100.8 MB.

Unloading 22 unused Assets to reduce memory usage. Loaded Objects now: 2699.
Total: 4.102500 ms (FindLiveObjects: 0.438200 ms CreateObjectMapping: 0.300000 ms MarkObjects: 3.171500 ms  DeleteObjects: 0.190600 ms)

AssetImportParameters requested are different than current active one (requested -> active):
  custom:framework-win-MediaFoundation: 216162199b28c13a410421893ffa2e32 -> 
  custom:video-decoder-ogg-theora: a1e56fd34408186e4bbccfd4996cb3dc -> 
  custom:container-muxer-webm: aa71ff27fc2769a1b78a27578f13a17b -> 
  custom:container-demuxer-webm: 4f35f7cbe854078d1ac9338744f61a02 -> 
  custom:container-demuxer-ogg: 62fdf1f143b41e24485cea50d1cbac27 -> 
  custom:video-encoder-webm-vp8: eb34c28f22e8b96e1ab97ce403110664 -> 
  custom:video-decoder-webm-vp8: 9c59270c3fd7afecdb556c50c9e8de78 -> 
  custom:audio-decoder-ogg-vorbis: bf7c407c2cedff20999df2af8eb42d56 -> 
  custom:audio-encoder-webm-vorbis: bf7c407c2cedff20999df2af8eb42d56 -> 
========================================================================
Received Prepare
Registering precompiled user dll's ...
Registered in 0.012605 seconds.
Begin MonoManager ReloadAssembly
Native extension for WindowsStandalone target not found
Native extension for WebGL target not found
Refreshing native plugins compatible for Editor in 0.69 ms, found 3 plugins.
Preloading 0 native plugins for Editor in 0.00 ms.
Mono: successfully reloaded assembly
- Completed reload, in  2.236 seconds
Platform modules already initialized, skipping
Refreshing native plugins compatible for Editor in 1.10 ms, found 3 plugins.
Preloading 0 native plugins for Editor in 0.00 ms.
Unloading 2228 Unused Serialized files (Serialized files now loaded: 0)
System memory in use before: 100.9 MB.
System memory in use after: 100.9 MB.

Unloading 22 unused Assets to reduce memory usage. Loaded Objects now: 2703.
Total: 3.925000 ms (FindLiveObjects: 0.260300 ms CreateObjectMapping: 0.134700 ms MarkObjects: 3.290700 ms  DeleteObjects: 0.236700 ms)

AssetImportParameters requested are different than current active one (requested -> active):
  custom:framework-win-MediaFoundation: 216162199b28c13a410421893ffa2e32 -> 
  custom:video-decoder-ogg-theora: a1e56fd34408186e4bbccfd4996cb3dc -> 
  custom:container-muxer-webm: aa71ff27fc2769a1b78a27578f13a17b -> 
  custom:container-demuxer-webm: 4f35f7cbe854078d1ac9338744f61a02 -> 
  custom:container-demuxer-ogg: 62fdf1f143b41e24485cea50d1cbac27 -> 
  custom:video-encoder-webm-vp8: eb34c28f22e8b96e1ab97ce403110664 -> 
  custom:video-decoder-webm-vp8: 9c59270c3fd7afecdb556c50c9e8de78 -> 
  custom:audio-decoder-ogg-vorbis: bf7c407c2cedff20999df2af8eb42d56 -> 
  custom:audio-encoder-webm-vorbis: bf7c407c2cedff20999df2af8eb42d56 -> 
========================================================================
Received Import Request.
  Time since last request: 659.995506 seconds.
  path: Assets/Scripts/Scriptable Objects
  artifactKey: Guid(97680124243d2a149a1b4e899d46f7c4) Importer(815301076,1909f56bfc062723c751e8b465ee728b)
Start importing Assets/Scripts/Scriptable Objects using Guid(97680124243d2a149a1b4e899d46f7c4) Importer(815301076,1909f56bfc062723c751e8b465ee728b)  -> (artifact id: 'cb2771e62847cc326b0fc5b6147890e8') in 0.027447 seconds 
  Import took 0.035396 seconds .

========================================================================
Received Prepare
Registering precompiled user dll's ...
Registered in 0.011925 seconds.
Begin MonoManager ReloadAssembly
Native extension for WindowsStandalone target not found
Native extension for WebGL target not found
Refreshing native plugins compatible for Editor in 0.71 ms, found 3 plugins.
Preloading 0 native plugins for Editor in 0.00 ms.
Mono: successfully reloaded assembly
- Completed reload, in  1.693 seconds
Platform modules already initialized, skipping
Refreshing native plugins compatible for Editor in 1.17 ms, found 3 plugins.
Preloading 0 native plugins for Editor in 0.00 ms.
Unloading 2229 Unused Serialized files (Serialized files now loaded: 0)
System memory in use before: 101.1 MB.
System memory in use after: 101.1 MB.

Unloading 22 unused Assets to reduce memory usage. Loaded Objects now: 2708.
Total: 3.293800 ms (FindLiveObjects: 0.274700 ms CreateObjectMapping: 0.107000 ms MarkObjects: 2.736900 ms  DeleteObjects: 0.172800 ms)

AssetImportParameters requested are different than current active one (requested -> active):
  custom:framework-win-MediaFoundation: 216162199b28c13a410421893ffa2e32 -> 
  custom:video-decoder-ogg-theora: a1e56fd34408186e4bbccfd4996cb3dc -> 
  custom:container-muxer-webm: aa71ff27fc2769a1b78a27578f13a17b -> 
  custom:container-demuxer-webm: 4f35f7cbe854078d1ac9338744f61a02 -> 
  custom:container-demuxer-ogg: 62fdf1f143b41e24485cea50d1cbac27 -> 
  custom:video-encoder-webm-vp8: eb34c28f22e8b96e1ab97ce403110664 -> 
  custom:video-decoder-webm-vp8: 9c59270c3fd7afecdb556c50c9e8de78 -> 
  custom:audio-decoder-ogg-vorbis: bf7c407c2cedff20999df2af8eb42d56 -> 
  custom:audio-encoder-webm-vorbis: bf7c407c2cedff20999df2af8eb42d56 -> 
========================================================================
Received Import Request.
  Time since last request: 21.600685 seconds.
  path: Assets/Scripts/Scriptable Objects/Item.cs
  artifactKey: Guid(9c351b4b517584d4b96ccb07913c2b01) Importer(815301076,1909f56bfc062723c751e8b465ee728b)
Start importing Assets/Scripts/Scriptable Objects/Item.cs using Guid(9c351b4b517584d4b96ccb07913c2b01) Importer(815301076,1909f56bfc062723c751e8b465ee728b)  -> (artifact id: '95012add9522fbb5b77a78a785ed08fb') in 0.022338 seconds 
  Import took 0.031440 seconds .

========================================================================
Received Prepare
Registering precompiled user dll's ...
Registered in 0.011861 seconds.
Begin MonoManager ReloadAssembly
Native extension for WindowsStandalone target not found
Native extension for WebGL target not found
Refreshing native plugins compatible for Editor in 1.29 ms, found 3 plugins.
Preloading 0 native plugins for Editor in 0.00 ms.
Mono: successfully reloaded assembly
- Completed reload, in  1.962 seconds
Platform modules already initialized, skipping
Refreshing native plugins compatible for Editor in 1.11 ms, found 3 plugins.
Preloading 0 native plugins for Editor in 0.00 ms.
Unloading 2230 Unused Serialized files (Serialized files now loaded: 0)
System memory in use before: 101.1 MB.
System memory in use after: 101.1 MB.

Unloading 22 unused Assets to reduce memory usage. Loaded Objects now: 2713.
Total: 3.973000 ms (FindLiveObjects: 0.404600 ms CreateObjectMapping: 0.253900 ms MarkObjects: 3.114200 ms  DeleteObjects: 0.198600 ms)

AssetImportParameters requested are different than current active one (requested -> active):
  custom:framework-win-MediaFoundation: 216162199b28c13a410421893ffa2e32 -> 
  custom:video-decoder-ogg-theora: a1e56fd34408186e4bbccfd4996cb3dc -> 
  custom:container-muxer-webm: aa71ff27fc2769a1b78a27578f13a17b -> 
  custom:container-demuxer-webm: 4f35f7cbe854078d1ac9338744f61a02 -> 
  custom:container-demuxer-ogg: 62fdf1f143b41e24485cea50d1cbac27 -> 
  custom:video-encoder-webm-vp8: eb34c28f22e8b96e1ab97ce403110664 -> 
  custom:video-decoder-webm-vp8: 9c59270c3fd7afecdb556c50c9e8de78 -> 
  custom:audio-decoder-ogg-vorbis: bf7c407c2cedff20999df2af8eb42d56 -> 
  custom:audio-encoder-webm-vorbis: bf7c407c2cedff20999df2af8eb42d56 -> 
========================================================================
Received Import Request.
  Time since last request: 529.956659 seconds.
  path: Assets/Scripts/MonoBehaviours/Consumable.cs
  artifactKey: Guid(84868c3e51c8cf54299ab3a2ba8b250b) Importer(815301076,1909f56bfc062723c751e8b465ee728b)
Start importing Assets/Scripts/MonoBehaviours/Consumable.cs using Guid(84868c3e51c8cf54299ab3a2ba8b250b) Importer(815301076,1909f56bfc062723c751e8b465ee728b)  -> (artifact id: '63a7efe2d5873b86250c6c67b24d4584') in 0.019807 seconds 
  Import took 0.026930 seconds .

========================================================================
Received Import Request.
  Time since last request: 1035.372919 seconds.
  path: Assets/Prefabs/EnemyObject.prefab
  artifactKey: Guid(646cbdf24400f0f4b805d3e456341c4e) Importer(815301076,1909f56bfc062723c751e8b465ee728b)
Start importing Assets/Prefabs/EnemyObject.prefab using Guid(646cbdf24400f0f4b805d3e456341c4e) Importer(815301076,1909f56bfc062723c751e8b465ee728b)  -> (artifact id: 'a01d91cf3a59679c2846a16bd28c36de') in 0.063700 seconds 
  Import took 0.070526 seconds .

========================================================================
Received Import Request.
  Time since last request: 36.520204 seconds.
  path: Assets/Prefabs/CoinObject.prefab
  artifactKey: Guid(6727f0cb6fb90ee4d9bd00f8e1e0120d) Importer(815301076,1909f56bfc062723c751e8b465ee728b)
Start importing Assets/Prefabs/CoinObject.prefab using Guid(6727f0cb6fb90ee4d9bd00f8e1e0120d) Importer(815301076,1909f56bfc062723c751e8b465ee728b)  -> (artifact id: '0c8ebcc2d55c9e1d892bbfb0a30fb8fa') in 0.132487 seconds 
  Import took 0.139490 seconds .

========================================================================
Received Import Request.
  Time since last request: 90.424154 seconds.
  path: Assets/Scripts/Scriptable Objects/Coin.asset
  artifactKey: Guid(7aa5071c18007ed4597fc085749c1bed) Importer(815301076,1909f56bfc062723c751e8b465ee728b)
Start importing Assets/Scripts/Scriptable Objects/Coin.asset using Guid(7aa5071c18007ed4597fc085749c1bed) Importer(815301076,1909f56bfc062723c751e8b465ee728b)  -> (artifact id: '5dd32f7c6ed4b0329a22d9ade59b1804') in 0.022507 seconds 
  Import took 0.033107 seconds .

========================================================================
Received Import Request.
  Time since last request: 37.045157 seconds.
  path: Assets/Scripts/Scriptable Objects/Coin.asset
  artifactKey: Guid(7aa5071c18007ed4597fc085749c1bed) Importer(815301076,1909f56bfc062723c751e8b465ee728b)
Start importing Assets/Scripts/Scriptable Objects/Coin.asset using Guid(7aa5071c18007ed4597fc085749c1bed) Importer(815301076,1909f56bfc062723c751e8b465ee728b)  -> (artifact id: 'ebba0ed28a82d82dfef5b1a6d69d1541') in 0.010955 seconds 
  Import took 0.018986 seconds .

========================================================================
Received Import Request.
  Time since last request: 0.010951 seconds.
  path: Assets/Scripts/Scriptable Objects/Coin.asset
  artifactKey: Guid(7aa5071c18007ed4597fc085749c1bed) Importer(815301076,1909f56bfc062723c751e8b465ee728b)
Start importing Assets/Scripts/Scriptable Objects/Coin.asset using Guid(7aa5071c18007ed4597fc085749c1bed) Importer(815301076,1909f56bfc062723c751e8b465ee728b)  -> (artifact id: 'ebba0ed28a82d82dfef5b1a6d69d1541') in 0.011036 seconds 
  Import took 0.019464 seconds .

========================================================================
Received Import Request.
  Time since last request: 1106.398285 seconds.
  path: Assets/Scripts/MonoBehaviours/Consumable.cs
  artifactKey: Guid(84868c3e51c8cf54299ab3a2ba8b250b) Importer(815301076,1909f56bfc062723c751e8b465ee728b)
Start importing Assets/Scripts/MonoBehaviours/Consumable.cs using Guid(84868c3e51c8cf54299ab3a2ba8b250b) Importer(815301076,1909f56bfc062723c751e8b465ee728b)  -> (artifact id: '7fadfcd19678f904f4cf2e647762105b') in 0.012887 seconds 
  Import took 0.023408 seconds .

========================================================================
Received Prepare
Registering precompiled user dll's ...
Registered in 0.016318 seconds.
Begin MonoManager ReloadAssembly
Native extension for WindowsStandalone target not found
Native extension for WebGL target not found
Refreshing native plugins compatible for Editor in 0.74 ms, found 3 plugins.
Preloading 0 native plugins for Editor in 0.00 ms.
Mono: successfully reloaded assembly
- Completed reload, in  1.747 seconds
Platform modules already initialized, skipping
Refreshing native plugins compatible for Editor in 1.23 ms, found 3 plugins.
Preloading 0 native plugins for Editor in 0.00 ms.
Unloading 2230 Unused Serialized files (Serialized files now loaded: 0)
System memory in use before: 101.2 MB.
System memory in use after: 101.3 MB.

Unloading 22 unused Assets to reduce memory usage. Loaded Objects now: 2718.
Total: 4.012200 ms (FindLiveObjects: 0.403700 ms CreateObjectMapping: 0.306300 ms MarkObjects: 3.116400 ms  DeleteObjects: 0.183400 ms)

AssetImportParameters requested are different than current active one (requested -> active):
  custom:framework-win-MediaFoundation: 216162199b28c13a410421893ffa2e32 -> 
  custom:video-decoder-ogg-theora: a1e56fd34408186e4bbccfd4996cb3dc -> 
  custom:container-muxer-webm: aa71ff27fc2769a1b78a27578f13a17b -> 
  custom:container-demuxer-webm: 4f35f7cbe854078d1ac9338744f61a02 -> 
  custom:container-demuxer-ogg: 62fdf1f143b41e24485cea50d1cbac27 -> 
  custom:video-encoder-webm-vp8: eb34c28f22e8b96e1ab97ce403110664 -> 
  custom:video-decoder-webm-vp8: 9c59270c3fd7afecdb556c50c9e8de78 -> 
  custom:audio-decoder-ogg-vorbis: bf7c407c2cedff20999df2af8eb42d56 -> 
  custom:audio-encoder-webm-vorbis: bf7c407c2cedff20999df2af8eb42d56 -> 
========================================================================
Received Import Request.
  Time since last request: 770.263713 seconds.
  path: Assets/Scripts/MonoBehaviours/Player/Player.cs
  artifactKey: Guid(95a8a7ffafa253740bad475f783b8f62) Importer(815301076,1909f56bfc062723c751e8b465ee728b)
Start importing Assets/Scripts/MonoBehaviours/Player/Player.cs using Guid(95a8a7ffafa253740bad475f783b8f62) Importer(815301076,1909f56bfc062723c751e8b465ee728b)  -> (artifact id: '29d09c7eca4dd9486967484304b08a1d') in 0.030746 seconds 
  Import took 0.039668 seconds .

========================================================================
Received Prepare
Registering precompiled user dll's ...
Registered in 0.012675 seconds.
Begin MonoManager ReloadAssembly
Native extension for WindowsStandalone target not found
Native extension for WebGL target not found
Refreshing native plugins compatible for Editor in 0.80 ms, found 3 plugins.
Preloading 0 native plugins for Editor in 0.00 ms.
Mono: successfully reloaded assembly
- Completed reload, in  1.721 seconds
Platform modules already initialized, skipping
Refreshing native plugins compatible for Editor in 1.06 ms, found 3 plugins.
Preloading 0 native plugins for Editor in 0.00 ms.
Unloading 2230 Unused Serialized files (Serialized files now loaded: 0)
System memory in use before: 101.1 MB.
System memory in use after: 101.2 MB.

Unloading 22 unused Assets to reduce memory usage. Loaded Objects now: 2722.
Total: 3.767000 ms (FindLiveObjects: 0.282200 ms CreateObjectMapping: 0.119400 ms MarkObjects: 3.178000 ms  DeleteObjects: 0.185300 ms)

AssetImportParameters requested are different than current active one (requested -> active):
  custom:framework-win-MediaFoundation: 216162199b28c13a410421893ffa2e32 -> 
  custom:video-decoder-ogg-theora: a1e56fd34408186e4bbccfd4996cb3dc -> 
  custom:container-muxer-webm: aa71ff27fc2769a1b78a27578f13a17b -> 
  custom:container-demuxer-webm: 4f35f7cbe854078d1ac9338744f61a02 -> 
  custom:container-demuxer-ogg: 62fdf1f143b41e24485cea50d1cbac27 -> 
  custom:video-encoder-webm-vp8: eb34c28f22e8b96e1ab97ce403110664 -> 
  custom:video-decoder-webm-vp8: 9c59270c3fd7afecdb556c50c9e8de78 -> 
  custom:audio-decoder-ogg-vorbis: bf7c407c2cedff20999df2af8eb42d56 -> 
  custom:audio-encoder-webm-vorbis: bf7c407c2cedff20999df2af8eb42d56 -> 
========================================================================
Received Import Request.
  Time since last request: 76.921416 seconds.
  path: Assets/Scripts/MonoBehaviours/Player/Player.cs
  artifactKey: Guid(95a8a7ffafa253740bad475f783b8f62) Importer(815301076,1909f56bfc062723c751e8b465ee728b)
Start importing Assets/Scripts/MonoBehaviours/Player/Player.cs using Guid(95a8a7ffafa253740bad475f783b8f62) Importer(815301076,1909f56bfc062723c751e8b465ee728b)  -> (artifact id: '84229cf27c6bc063b3b5936489917921') in 0.013613 seconds 
  Import took 0.019889 seconds .

========================================================================
Received Prepare
Registering precompiled user dll's ...
Registered in 0.009802 seconds.
Begin MonoManager ReloadAssembly
Native extension for WindowsStandalone target not found
Native extension for WebGL target not found
Refreshing native plugins compatible for Editor in 0.68 ms, found 3 plugins.
Preloading 0 native plugins for Editor in 0.00 ms.
Mono: successfully reloaded assembly
- Completed reload, in  1.644 seconds
Platform modules already initialized, skipping
Refreshing native plugins compatible for Editor in 1.06 ms, found 3 plugins.
Preloading 0 native plugins for Editor in 0.00 ms.
Unloading 2230 Unused Serialized files (Serialized files now loaded: 0)
System memory in use before: 101.3 MB.
System memory in use after: 101.4 MB.

Unloading 22 unused Assets to reduce memory usage. Loaded Objects now: 2726.
Total: 3.284400 ms (FindLiveObjects: 0.277300 ms CreateObjectMapping: 0.114500 ms MarkObjects: 2.655400 ms  DeleteObjects: 0.235000 ms)

AssetImportParameters requested are different than current active one (requested -> active):
  custom:framework-win-MediaFoundation: 216162199b28c13a410421893ffa2e32 -> 
  custom:video-decoder-ogg-theora: a1e56fd34408186e4bbccfd4996cb3dc -> 
  custom:container-muxer-webm: aa71ff27fc2769a1b78a27578f13a17b -> 
  custom:container-demuxer-webm: 4f35f7cbe854078d1ac9338744f61a02 -> 
  custom:container-demuxer-ogg: 62fdf1f143b41e24485cea50d1cbac27 -> 
  custom:video-encoder-webm-vp8: eb34c28f22e8b96e1ab97ce403110664 -> 
  custom:video-decoder-webm-vp8: 9c59270c3fd7afecdb556c50c9e8de78 -> 
  custom:audio-decoder-ogg-vorbis: bf7c407c2cedff20999df2af8eb42d56 -> 
  custom:audio-encoder-webm-vorbis: bf7c407c2cedff20999df2af8eb42d56 -> 
========================================================================
Received Prepare
Registering precompiled user dll's ...
Registered in 0.009931 seconds.
Begin MonoManager ReloadAssembly
Native extension for WindowsStandalone target not found
Native extension for WebGL target not found
Refreshing native plugins compatible for Editor in 0.70 ms, found 3 plugins.
Preloading 0 native plugins for Editor in 0.00 ms.
Mono: successfully reloaded assembly
- Completed reload, in  1.786 seconds
Platform modules already initialized, skipping
Refreshing native plugins compatible for Editor in 1.04 ms, found 3 plugins.
Preloading 0 native plugins for Editor in 0.00 ms.
Unloading 2230 Unused Serialized files (Serialized files now loaded: 0)
System memory in use before: 101.3 MB.
System memory in use after: 101.4 MB.

Unloading 22 unused Assets to reduce memory usage. Loaded Objects now: 2730.
Total: 3.263500 ms (FindLiveObjects: 0.279700 ms CreateObjectMapping: 0.113200 ms MarkObjects: 2.692700 ms  DeleteObjects: 0.175400 ms)

AssetImportParameters requested are different than current active one (requested -> active):
  custom:framework-win-MediaFoundation: 216162199b28c13a410421893ffa2e32 -> 
  custom:video-decoder-ogg-theora: a1e56fd34408186e4bbccfd4996cb3dc -> 
  custom:container-muxer-webm: aa71ff27fc2769a1b78a27578f13a17b -> 
  custom:container-demuxer-webm: 4f35f7cbe854078d1ac9338744f61a02 -> 
  custom:container-demuxer-ogg: 62fdf1f143b41e24485cea50d1cbac27 -> 
  custom:video-encoder-webm-vp8: eb34c28f22e8b96e1ab97ce403110664 -> 
  custom:video-decoder-webm-vp8: 9c59270c3fd7afecdb556c50c9e8de78 -> 
  custom:audio-decoder-ogg-vorbis: bf7c407c2cedff20999df2af8eb42d56 -> 
  custom:audio-encoder-webm-vorbis: bf7c407c2cedff20999df2af8eb42d56 -> 
========================================================================
Received Prepare
Registering precompiled user dll's ...
Registered in 0.010404 seconds.
Begin MonoManager ReloadAssembly
Native extension for WindowsStandalone target not found
Native extension for WebGL target not found
Refreshing native plugins compatible for Editor in 0.68 ms, found 3 plugins.
Preloading 0 native plugins for Editor in 0.00 ms.
Mono: successfully reloaded assembly
- Completed reload, in  1.726 seconds
Platform modules already initialized, skipping
Refreshing native plugins compatible for Editor in 1.12 ms, found 3 plugins.
Preloading 0 native plugins for Editor in 0.00 ms.
Unloading 2230 Unused Serialized files (Serialized files now loaded: 0)
System memory in use before: 101.4 MB.
System memory in use after: 101.4 MB.

Unloading 22 unused Assets to reduce memory usage. Loaded Objects now: 2734.
Total: 3.972100 ms (FindLiveObjects: 0.518400 ms CreateObjectMapping: 0.280600 ms MarkObjects: 2.992200 ms  DeleteObjects: 0.178700 ms)

AssetImportParameters requested are different than current active one (requested -> active):
  custom:framework-win-MediaFoundation: 216162199b28c13a410421893ffa2e32 -> 
  custom:video-decoder-ogg-theora: a1e56fd34408186e4bbccfd4996cb3dc -> 
  custom:container-muxer-webm: aa71ff27fc2769a1b78a27578f13a17b -> 
  custom:container-demuxer-webm: 4f35f7cbe854078d1ac9338744f61a02 -> 
  custom:container-demuxer-ogg: 62fdf1f143b41e24485cea50d1cbac27 -> 
  custom:video-encoder-webm-vp8: eb34c28f22e8b96e1ab97ce403110664 -> 
  custom:video-decoder-webm-vp8: 9c59270c3fd7afecdb556c50c9e8de78 -> 
  custom:audio-decoder-ogg-vorbis: bf7c407c2cedff20999df2af8eb42d56 -> 
  custom:audio-encoder-webm-vorbis: bf7c407c2cedff20999df2af8eb42d56 -> 
========================================================================
Received Prepare
Registering precompiled user dll's ...
Registered in 0.013670 seconds.
Begin MonoManager ReloadAssembly
Native extension for WindowsStandalone target not found
Native extension for WebGL target not found
Refreshing native plugins compatible for Editor in 0.71 ms, found 3 plugins.
Preloading 0 native plugins for Editor in 0.00 ms.
Mono: successfully reloaded assembly
- Completed reload, in  1.779 seconds
Platform modules already initialized, skipping
Refreshing native plugins compatible for Editor in 1.08 ms, found 3 plugins.
Preloading 0 native plugins for Editor in 0.00 ms.
Unloading 2230 Unused Serialized files (Serialized files now loaded: 0)
System memory in use before: 101.4 MB.
System memory in use after: 101.4 MB.

Unloading 22 unused Assets to reduce memory usage. Loaded Objects now: 2738.
Total: 3.347100 ms (FindLiveObjects: 0.277300 ms CreateObjectMapping: 0.113300 ms MarkObjects: 2.773800 ms  DeleteObjects: 0.180700 ms)

AssetImportParameters requested are different than current active one (requested -> active):
  custom:framework-win-MediaFoundation: 216162199b28c13a410421893ffa2e32 -> 
  custom:video-decoder-ogg-theora: a1e56fd34408186e4bbccfd4996cb3dc -> 
  custom:container-muxer-webm: aa71ff27fc2769a1b78a27578f13a17b -> 
  custom:container-demuxer-webm: 4f35f7cbe854078d1ac9338744f61a02 -> 
  custom:container-demuxer-ogg: 62fdf1f143b41e24485cea50d1cbac27 -> 
  custom:video-encoder-webm-vp8: eb34c28f22e8b96e1ab97ce403110664 -> 
  custom:video-decoder-webm-vp8: 9c59270c3fd7afecdb556c50c9e8de78 -> 
  custom:audio-decoder-ogg-vorbis: bf7c407c2cedff20999df2af8eb42d56 -> 
  custom:audio-encoder-webm-vorbis: bf7c407c2cedff20999df2af8eb42d56 -> 
========================================================================
Received Prepare
Registering precompiled user dll's ...
Registered in 0.010644 seconds.
Begin MonoManager ReloadAssembly
Native extension for WindowsStandalone target not found
Native extension for WebGL target not found
Refreshing native plugins compatible for Editor in 0.70 ms, found 3 plugins.
Preloading 0 native plugins for Editor in 0.00 ms.
Mono: successfully reloaded assembly
- Completed reload, in  1.777 seconds
Platform modules already initialized, skipping
Refreshing native plugins compatible for Editor in 1.13 ms, found 3 plugins.
Preloading 0 native plugins for Editor in 0.00 ms.
Unloading 2230 Unused Serialized files (Serialized files now loaded: 0)
System memory in use before: 101.3 MB.
System memory in use after: 101.4 MB.

Unloading 22 unused Assets to reduce memory usage. Loaded Objects now: 2742.
Total: 4.180400 ms (FindLiveObjects: 0.394200 ms CreateObjectMapping: 0.274500 ms MarkObjects: 3.310300 ms  DeleteObjects: 0.199100 ms)

AssetImportParameters requested are different than current active one (requested -> active):
  custom:framework-win-MediaFoundation: 216162199b28c13a410421893ffa2e32 -> 
  custom:video-decoder-ogg-theora: a1e56fd34408186e4bbccfd4996cb3dc -> 
  custom:container-muxer-webm: aa71ff27fc2769a1b78a27578f13a17b -> 
  custom:container-demuxer-webm: 4f35f7cbe854078d1ac9338744f61a02 -> 
  custom:container-demuxer-ogg: 62fdf1f143b41e24485cea50d1cbac27 -> 
  custom:video-encoder-webm-vp8: eb34c28f22e8b96e1ab97ce403110664 -> 
  custom:video-decoder-webm-vp8: 9c59270c3fd7afecdb556c50c9e8de78 -> 
  custom:audio-decoder-ogg-vorbis: bf7c407c2cedff20999df2af8eb42d56 -> 
  custom:audio-encoder-webm-vorbis: bf7c407c2cedff20999df2af8eb42d56 -> 
========================================================================
Received Prepare
Registering precompiled user dll's ...
Registered in 0.010046 seconds.
Begin MonoManager ReloadAssembly
Native extension for WindowsStandalone target not found
Native extension for WebGL target not found
Refreshing native plugins compatible for Editor in 0.71 ms, found 3 plugins.
Preloading 0 native plugins for Editor in 0.00 ms.
Mono: successfully reloaded assembly
- Completed reload, in  1.804 seconds
Platform modules already initialized, skipping
Refreshing native plugins compatible for Editor in 1.20 ms, found 3 plugins.
Preloading 0 native plugins for Editor in 0.00 ms.
Unloading 2230 Unused Serialized files (Serialized files now loaded: 0)
System memory in use before: 101.3 MB.
System memory in use after: 101.4 MB.

Unloading 22 unused Assets to reduce memory usage. Loaded Objects now: 2746.
Total: 5.121400 ms (FindLiveObjects: 0.412900 ms CreateObjectMapping: 0.281300 ms MarkObjects: 4.230800 ms  DeleteObjects: 0.193700 ms)

AssetImportParameters requested are different than current active one (requested -> active):
  custom:framework-win-MediaFoundation: 216162199b28c13a410421893ffa2e32 -> 
  custom:video-decoder-ogg-theora: a1e56fd34408186e4bbccfd4996cb3dc -> 
  custom:container-muxer-webm: aa71ff27fc2769a1b78a27578f13a17b -> 
  custom:container-demuxer-webm: 4f35f7cbe854078d1ac9338744f61a02 -> 
  custom:container-demuxer-ogg: 62fdf1f143b41e24485cea50d1cbac27 -> 
  custom:video-encoder-webm-vp8: eb34c28f22e8b96e1ab97ce403110664 -> 
  custom:video-decoder-webm-vp8: 9c59270c3fd7afecdb556c50c9e8de78 -> 
  custom:audio-decoder-ogg-vorbis: bf7c407c2cedff20999df2af8eb42d56 -> 
  custom:audio-encoder-webm-vorbis: bf7c407c2cedff20999df2af8eb42d56 -> 
========================================================================
Received Import Request.
  Time since last request: 1636.483465 seconds.
  path: Assets/Scripts/Scriptable Objects/Coin.asset
  artifactKey: Guid(7aa5071c18007ed4597fc085749c1bed) Importer(815301076,1909f56bfc062723c751e8b465ee728b)
Start importing Assets/Scripts/Scriptable Objects/Coin.asset using Guid(7aa5071c18007ed4597fc085749c1bed) Importer(815301076,1909f56bfc062723c751e8b465ee728b)  -> (artifact id: 'ea942f982797edc8c0303f1ce2abc9ba') in 0.027197 seconds 
  Import took 0.035479 seconds .

========================================================================
Received Import Request.
  Time since last request: 925.811775 seconds.
  path: Assets/Prefabs/CoinObject.prefab
  artifactKey: Guid(6727f0cb6fb90ee4d9bd00f8e1e0120d) Importer(815301076,1909f56bfc062723c751e8b465ee728b)
Start importing Assets/Prefabs/CoinObject.prefab using Guid(6727f0cb6fb90ee4d9bd00f8e1e0120d) Importer(815301076,1909f56bfc062723c751e8b465ee728b)  -> (artifact id: '1eb5fcddc0663b60d4b779b0c60688fd') in 0.111610 seconds 
  Import took 0.122833 seconds .

========================================================================
Received Prepare
Registering precompiled user dll's ...
Registered in 0.012275 seconds.
Begin MonoManager ReloadAssembly
Native extension for WindowsStandalone target not found
Native extension for WebGL target not found
Refreshing native plugins compatible for Editor in 0.66 ms, found 3 plugins.
Preloading 0 native plugins for Editor in 0.00 ms.
Mono: successfully reloaded assembly
- Completed reload, in  1.616 seconds
Platform modules already initialized, skipping
Refreshing native plugins compatible for Editor in 1.12 ms, found 3 plugins.
Preloading 0 native plugins for Editor in 0.00 ms.
Unloading 2230 Unused Serialized files (Serialized files now loaded: 0)
System memory in use before: 101.3 MB.
System memory in use after: 101.4 MB.

Unloading 22 unused Assets to reduce memory usage. Loaded Objects now: 2751.
Total: 3.632500 ms (FindLiveObjects: 0.362400 ms CreateObjectMapping: 0.207500 ms MarkObjects: 2.881800 ms  DeleteObjects: 0.178600 ms)

AssetImportParameters requested are different than current active one (requested -> active):
  custom:framework-win-MediaFoundation: 216162199b28c13a410421893ffa2e32 -> 
  custom:video-decoder-ogg-theora: a1e56fd34408186e4bbccfd4996cb3dc -> 
  custom:container-muxer-webm: aa71ff27fc2769a1b78a27578f13a17b -> 
  custom:container-demuxer-webm: 4f35f7cbe854078d1ac9338744f61a02 -> 
  custom:container-demuxer-ogg: 62fdf1f143b41e24485cea50d1cbac27 -> 
  custom:video-encoder-webm-vp8: eb34c28f22e8b96e1ab97ce403110664 -> 
  custom:video-decoder-webm-vp8: 9c59270c3fd7afecdb556c50c9e8de78 -> 
  custom:audio-decoder-ogg-vorbis: bf7c407c2cedff20999df2af8eb42d56 -> 
  custom:audio-encoder-webm-vorbis: bf7c407c2cedff20999df2af8eb42d56 -> 
========================================================================
Received Import Request.
  Time since last request: 108.071617 seconds.
  path: Assets/Animations/Animations/HeartObject.controller
  artifactKey: Guid(6f3c1bc430d6d924a970cf4d1cc0c401) Importer(815301076,1909f56bfc062723c751e8b465ee728b)
Start importing Assets/Animations/Animations/HeartObject.controller using Guid(6f3c1bc430d6d924a970cf4d1cc0c401) Importer(815301076,1909f56bfc062723c751e8b465ee728b)  -> (artifact id: '471c09919548d34dd10096ac92ae92e2') in 0.040897 seconds 
  Import took 0.048885 seconds .

========================================================================
Received Import Request.
  Time since last request: 3.923612 seconds.
  path: Assets/Animations/Controllers/HeartObject.controller
  artifactKey: Guid(6f3c1bc430d6d924a970cf4d1cc0c401) Importer(815301076,1909f56bfc062723c751e8b465ee728b)
Start importing Assets/Animations/Controllers/HeartObject.controller using Guid(6f3c1bc430d6d924a970cf4d1cc0c401) Importer(815301076,1909f56bfc062723c751e8b465ee728b)  -> (artifact id: '7abd6a153e53c3412b669fb97240c158') in 0.012769 seconds 
  Import took 0.020799 seconds .

========================================================================
Received Import Request.
  Time since last request: 17.195971 seconds.
  path: Assets/Prefabs/HeartObject.prefab
  artifactKey: Guid(07e00d217c3d52c469150c86cd7c6b67) Importer(815301076,1909f56bfc062723c751e8b465ee728b)
Start importing Assets/Prefabs/HeartObject.prefab using Guid(07e00d217c3d52c469150c86cd7c6b67) Importer(815301076,1909f56bfc062723c751e8b465ee728b)  -> (artifact id: 'f76a649c0a5292c359cdb1c7fd9fbdba') in 0.036332 seconds 
  Import took 0.046101 seconds .

========================================================================
Received Import Request.
  Time since last request: 0.021939 seconds.
  path: Assets/Prefabs/HeartObject.prefab
  artifactKey: Guid(07e00d217c3d52c469150c86cd7c6b67) Importer(815301076,1909f56bfc062723c751e8b465ee728b)
Start importing Assets/Prefabs/HeartObject.prefab using Guid(07e00d217c3d52c469150c86cd7c6b67) Importer(815301076,1909f56bfc062723c751e8b465ee728b)  -> (artifact id: 'f76a649c0a5292c359cdb1c7fd9fbdba') in 0.014055 seconds 
  Import took 0.020850 seconds .

========================================================================
Received Import Request.
  Time since last request: 23.145863 seconds.
  path: Assets/Prefabs/HeartObject.prefab
  artifactKey: Guid(07e00d217c3d52c469150c86cd7c6b67) Importer(815301076,1909f56bfc062723c751e8b465ee728b)
Start importing Assets/Prefabs/HeartObject.prefab using Guid(07e00d217c3d52c469150c86cd7c6b67) Importer(815301076,1909f56bfc062723c751e8b465ee728b)  -> (artifact id: 'c98655a47b95d025f86ffc1f3c5226ee') in 0.092761 seconds 
  Import took 0.101978 seconds .

========================================================================
Received Import Request.
  Time since last request: 9.933421 seconds.
  path: Assets/Prefabs/EnemyObject.prefab
  artifactKey: Guid(646cbdf24400f0f4b805d3e456341c4e) Importer(815301076,1909f56bfc062723c751e8b465ee728b)
Start importing Assets/Prefabs/EnemyObject.prefab using Guid(646cbdf24400f0f4b805d3e456341c4e) Importer(815301076,1909f56bfc062723c751e8b465ee728b)  -> (artifact id: '3161622c27a1d87cc64a7cdf03ac0440') in 0.070160 seconds 
  Import took 0.077819 seconds .

========================================================================
Received Import Request.
  Time since last request: 0.023975 seconds.
  path: Assets/Prefabs/EnemyObject.prefab
  artifactKey: Guid(646cbdf24400f0f4b805d3e456341c4e) Importer(815301076,1909f56bfc062723c751e8b465ee728b)
Start importing Assets/Prefabs/EnemyObject.prefab using Guid(646cbdf24400f0f4b805d3e456341c4e) Importer(815301076,1909f56bfc062723c751e8b465ee728b)  -> (artifact id: '3161622c27a1d87cc64a7cdf03ac0440') in 0.024948 seconds 
  Import took 0.032293 seconds .

========================================================================
Received Prepare
Registering precompiled user dll's ...
Registered in 0.010141 seconds.
Begin MonoManager ReloadAssembly
Native extension for WindowsStandalone target not found
Native extension for WebGL target not found
Refreshing native plugins compatible for Editor in 0.67 ms, found 3 plugins.
Preloading 0 native plugins for Editor in 0.00 ms.
Mono: successfully reloaded assembly
- Completed reload, in  1.636 seconds
Platform modules already initialized, skipping
Refreshing native plugins compatible for Editor in 1.09 ms, found 3 plugins.
Preloading 0 native plugins for Editor in 0.00 ms.
Unloading 2230 Unused Serialized files (Serialized files now loaded: 0)
System memory in use before: 101.4 MB.
System memory in use after: 101.5 MB.

Unloading 22 unused Assets to reduce memory usage. Loaded Objects now: 2756.
Total: 4.201700 ms (FindLiveObjects: 0.361300 ms CreateObjectMapping: 0.203200 ms MarkObjects: 3.442100 ms  DeleteObjects: 0.192900 ms)

AssetImportParameters requested are different than current active one (requested -> active):
  custom:framework-win-MediaFoundation: 216162199b28c13a410421893ffa2e32 -> 
  custom:video-decoder-ogg-theora: a1e56fd34408186e4bbccfd4996cb3dc -> 
  custom:container-muxer-webm: aa71ff27fc2769a1b78a27578f13a17b -> 
  custom:container-demuxer-webm: 4f35f7cbe854078d1ac9338744f61a02 -> 
  custom:container-demuxer-ogg: 62fdf1f143b41e24485cea50d1cbac27 -> 
  custom:video-encoder-webm-vp8: eb34c28f22e8b96e1ab97ce403110664 -> 
  custom:video-decoder-webm-vp8: 9c59270c3fd7afecdb556c50c9e8de78 -> 
  custom:audio-decoder-ogg-vorbis: bf7c407c2cedff20999df2af8eb42d56 -> 
  custom:audio-encoder-webm-vorbis: bf7c407c2cedff20999df2af8eb42d56 -> 
========================================================================
Received Import Request.
  Time since last request: 133.395341 seconds.
  path: Assets/Prefabs/HeartObject.prefab
  artifactKey: Guid(07e00d217c3d52c469150c86cd7c6b67) Importer(815301076,1909f56bfc062723c751e8b465ee728b)
Start importing Assets/Prefabs/HeartObject.prefab using Guid(07e00d217c3d52c469150c86cd7c6b67) Importer(815301076,1909f56bfc062723c751e8b465ee728b)  -> (artifact id: 'accaae479a997d704565323b31c33afb') in 0.089934 seconds 
  Import took 0.095826 seconds .

========================================================================
Received Import Request.
  Time since last request: 36.427084 seconds.
  path: Assets/Prefabs/HeartObject.prefab
  artifactKey: Guid(07e00d217c3d52c469150c86cd7c6b67) Importer(815301076,1909f56bfc062723c751e8b465ee728b)
Start importing Assets/Prefabs/HeartObject.prefab using Guid(07e00d217c3d52c469150c86cd7c6b67) Importer(815301076,1909f56bfc062723c751e8b465ee728b)  -> (artifact id: '07ced049514e2148a38956dd1822dfd1') in 0.029206 seconds 
  Import took 0.039300 seconds .

========================================================================
Received Import Request.
  Time since last request: 0.011572 seconds.
  path: Assets/Prefabs/HeartObject.prefab
  artifactKey: Guid(07e00d217c3d52c469150c86cd7c6b67) Importer(815301076,1909f56bfc062723c751e8b465ee728b)
Start importing Assets/Prefabs/HeartObject.prefab using Guid(07e00d217c3d52c469150c86cd7c6b67) Importer(815301076,1909f56bfc062723c751e8b465ee728b)  -> (artifact id: '07ced049514e2148a38956dd1822dfd1') in 0.028868 seconds 
  Import took 0.038240 seconds .

========================================================================
Received Import Request.
  Time since last request: 23.782806 seconds.
  path: Assets/Prefabs/HeartObject.prefab
  artifactKey: Guid(07e00d217c3d52c469150c86cd7c6b67) Importer(815301076,1909f56bfc062723c751e8b465ee728b)
Start importing Assets/Prefabs/HeartObject.prefab using Guid(07e00d217c3d52c469150c86cd7c6b67) Importer(815301076,1909f56bfc062723c751e8b465ee728b)  -> (artifact id: '23c3b4f1a361f71b7609b2275bd89fbb') in 0.033825 seconds 
  Import took 0.044018 seconds .

========================================================================
Received Import Request.
  Time since last request: 0.008427 seconds.
  path: Assets/Prefabs/HeartObject.prefab
  artifactKey: Guid(07e00d217c3d52c469150c86cd7c6b67) Importer(815301076,1909f56bfc062723c751e8b465ee728b)
Start importing Assets/Prefabs/HeartObject.prefab using Guid(07e00d217c3d52c469150c86cd7c6b67) Importer(815301076,1909f56bfc062723c751e8b465ee728b)  -> (artifact id: '23c3b4f1a361f71b7609b2275bd89fbb') in 0.037869 seconds 
  Import took 0.048401 seconds .

========================================================================
Received Import Request.
  Time since last request: 66.394833 seconds.
  path: Assets/Prefabs/HeartObject.prefab
  artifactKey: Guid(07e00d217c3d52c469150c86cd7c6b67) Importer(815301076,1909f56bfc062723c751e8b465ee728b)
Start importing Assets/Prefabs/HeartObject.prefab using Guid(07e00d217c3d52c469150c86cd7c6b67) Importer(815301076,1909f56bfc062723c751e8b465ee728b)  -> (artifact id: '3f1fed15d635530b7cc78d096b8e4ee2') in 0.030771 seconds 
  Import took 0.037747 seconds .

========================================================================
Received Import Request.
  Time since last request: 0.017628 seconds.
  path: Assets/Prefabs/HeartObject.prefab
  artifactKey: Guid(07e00d217c3d52c469150c86cd7c6b67) Importer(815301076,1909f56bfc062723c751e8b465ee728b)
Start importing Assets/Prefabs/HeartObject.prefab using Guid(07e00d217c3d52c469150c86cd7c6b67) Importer(815301076,1909f56bfc062723c751e8b465ee728b)  -> (artifact id: '3f1fed15d635530b7cc78d096b8e4ee2') in 0.030244 seconds 
  Import took 0.039984 seconds .

========================================================================
Received Import Request.
  Time since last request: 53.341570 seconds.
  path: Assets/Scripts/Scriptable Objects/Heart.asset
  artifactKey: Guid(86dcf7f232d2cd14cb8d6eef46f897a7) Importer(815301076,1909f56bfc062723c751e8b465ee728b)
Start importing Assets/Scripts/Scriptable Objects/Heart.asset using Guid(86dcf7f232d2cd14cb8d6eef46f897a7) Importer(815301076,1909f56bfc062723c751e8b465ee728b)  -> (artifact id: 'c212d7fd5873e8168b11f871f8137a28') in 0.019735 seconds 
  Import took 0.030911 seconds .

========================================================================
Received Import Request.
  Time since last request: 41.175804 seconds.
  path: Assets/Prefabs/HeartObject.prefab
  artifactKey: Guid(07e00d217c3d52c469150c86cd7c6b67) Importer(815301076,1909f56bfc062723c751e8b465ee728b)
Start importing Assets/Prefabs/HeartObject.prefab using Guid(07e00d217c3d52c469150c86cd7c6b67) Importer(815301076,1909f56bfc062723c751e8b465ee728b)  -> (artifact id: '152b43c7a6c911f7d64e339050856466') in 0.034969 seconds 
  Import took 0.045001 seconds .

========================================================================
Received Import Request.
  Time since last request: 0.013178 seconds.
  path: Assets/Prefabs/HeartObject.prefab
  artifactKey: Guid(07e00d217c3d52c469150c86cd7c6b67) Importer(815301076,1909f56bfc062723c751e8b465ee728b)
Start importing Assets/Prefabs/HeartObject.prefab using Guid(07e00d217c3d52c469150c86cd7c6b67) Importer(815301076,1909f56bfc062723c751e8b465ee728b)  -> (artifact id: '152b43c7a6c911f7d64e339050856466') in 0.031532 seconds 
  Import took 0.040821 seconds .

========================================================================
Received Prepare
Registering precompiled user dll's ...
Registered in 0.009466 seconds.
Begin MonoManager ReloadAssembly
Native extension for WindowsStandalone target not found
Native extension for WebGL target not found
Refreshing native plugins compatible for Editor in 1.13 ms, found 3 plugins.
Preloading 0 native plugins for Editor in 0.00 ms.
Mono: successfully reloaded assembly
- Completed reload, in  2.084 seconds
Platform modules already initialized, skipping
Refreshing native plugins compatible for Editor in 1.27 ms, found 3 plugins.
Preloading 0 native plugins for Editor in 0.00 ms.
Unloading 2230 Unused Serialized files (Serialized files now loaded: 0)
System memory in use before: 101.5 MB.
System memory in use after: 101.5 MB.

Unloading 22 unused Assets to reduce memory usage. Loaded Objects now: 2761.
Total: 4.147800 ms (FindLiveObjects: 0.288400 ms CreateObjectMapping: 0.215900 ms MarkObjects: 3.464300 ms  DeleteObjects: 0.176700 ms)

AssetImportParameters requested are different than current active one (requested -> active):
  custom:framework-win-MediaFoundation: 216162199b28c13a410421893ffa2e32 -> 
  custom:video-decoder-ogg-theora: a1e56fd34408186e4bbccfd4996cb3dc -> 
  custom:container-muxer-webm: aa71ff27fc2769a1b78a27578f13a17b -> 
  custom:container-demuxer-webm: 4f35f7cbe854078d1ac9338744f61a02 -> 
  custom:container-demuxer-ogg: 62fdf1f143b41e24485cea50d1cbac27 -> 
  custom:video-encoder-webm-vp8: eb34c28f22e8b96e1ab97ce403110664 -> 
  custom:video-decoder-webm-vp8: 9c59270c3fd7afecdb556c50c9e8de78 -> 
  custom:audio-decoder-ogg-vorbis: bf7c407c2cedff20999df2af8eb42d56 -> 
  custom:audio-encoder-webm-vorbis: bf7c407c2cedff20999df2af8eb42d56 -> 
========================================================================
Received Prepare
Registering precompiled user dll's ...
Registered in 0.013728 seconds.
Begin MonoManager ReloadAssembly
Native extension for WindowsStandalone target not found
Native extension for WebGL target not found
Refreshing native plugins compatible for Editor in 0.72 ms, found 3 plugins.
Preloading 0 native plugins for Editor in 0.00 ms.
Mono: successfully reloaded assembly
- Completed reload, in  2.004 seconds
Platform modules already initialized, skipping
Refreshing native plugins compatible for Editor in 1.14 ms, found 3 plugins.
Preloading 0 native plugins for Editor in 0.00 ms.
Unloading 2230 Unused Serialized files (Serialized files now loaded: 0)
System memory in use before: 101.5 MB.
System memory in use after: 101.5 MB.

Unloading 22 unused Assets to reduce memory usage. Loaded Objects now: 2765.
Total: 4.237500 ms (FindLiveObjects: 0.443500 ms CreateObjectMapping: 0.291000 ms MarkObjects: 3.269700 ms  DeleteObjects: 0.230400 ms)

AssetImportParameters requested are different than current active one (requested -> active):
  custom:framework-win-MediaFoundation: 216162199b28c13a410421893ffa2e32 -> 
  custom:video-decoder-ogg-theora: a1e56fd34408186e4bbccfd4996cb3dc -> 
  custom:container-muxer-webm: aa71ff27fc2769a1b78a27578f13a17b -> 
  custom:container-demuxer-webm: 4f35f7cbe854078d1ac9338744f61a02 -> 
  custom:container-demuxer-ogg: 62fdf1f143b41e24485cea50d1cbac27 -> 
  custom:video-encoder-webm-vp8: eb34c28f22e8b96e1ab97ce403110664 -> 
  custom:video-decoder-webm-vp8: 9c59270c3fd7afecdb556c50c9e8de78 -> 
  custom:audio-decoder-ogg-vorbis: bf7c407c2cedff20999df2af8eb42d56 -> 
  custom:audio-encoder-webm-vorbis: bf7c407c2cedff20999df2af8eb42d56 -> 
========================================================================
Received Prepare
Registering precompiled user dll's ...
Registered in 0.012534 seconds.
Begin MonoManager ReloadAssembly
Native extension for WindowsStandalone target not found
Native extension for WebGL target not found
Refreshing native plugins compatible for Editor in 0.79 ms, found 3 plugins.
Preloading 0 native plugins for Editor in 0.00 ms.
Mono: successfully reloaded assembly
- Completed reload, in  1.757 seconds
Platform modules already initialized, skipping
Refreshing native plugins compatible for Editor in 1.16 ms, found 3 plugins.
Preloading 0 native plugins for Editor in 0.00 ms.
Unloading 2230 Unused Serialized files (Serialized files now loaded: 0)
System memory in use before: 101.5 MB.
System memory in use after: 101.6 MB.

Unloading 22 unused Assets to reduce memory usage. Loaded Objects now: 2769.
Total: 4.454500 ms (FindLiveObjects: 0.442000 ms CreateObjectMapping: 0.289200 ms MarkObjects: 3.496600 ms  DeleteObjects: 0.224700 ms)

AssetImportParameters requested are different than current active one (requested -> active):
  custom:framework-win-MediaFoundation: 216162199b28c13a410421893ffa2e32 -> 
  custom:video-decoder-ogg-theora: a1e56fd34408186e4bbccfd4996cb3dc -> 
  custom:container-muxer-webm: aa71ff27fc2769a1b78a27578f13a17b -> 
  custom:container-demuxer-webm: 4f35f7cbe854078d1ac9338744f61a02 -> 
  custom:container-demuxer-ogg: 62fdf1f143b41e24485cea50d1cbac27 -> 
  custom:video-encoder-webm-vp8: eb34c28f22e8b96e1ab97ce403110664 -> 
  custom:video-decoder-webm-vp8: 9c59270c3fd7afecdb556c50c9e8de78 -> 
  custom:audio-decoder-ogg-vorbis: bf7c407c2cedff20999df2af8eb42d56 -> 
  custom:audio-encoder-webm-vorbis: bf7c407c2cedff20999df2af8eb42d56 -> 
AssetImportWorkerClient::OnTransportError - code=2 error=End of file
