Using pre-set license
Built from '2020.3/staging' branch; Version is '2020.3.13f1 (71691879b7f5) revision 7432472'; Using compiler version '192528614'; Build Type 'Release'
OS: 'Windows 10 Pro; OS build 19042.1083; Version 2009; 64bit' Language: 'ko' Physical Memory: 16059 MB
BatchMode: 1, IsHumanControllingUs: 0, StartBugReporterOnCrash: 0, Is64bit: 1, IsPro: 0

 COMMAND LINE ARGUMENTS:
C:\Program Files\Unity\Hub\Editor\2020.3.13f1\Editor\Unity.exe
-adb2
-batchMode
-noUpm
-name
AssetImportWorker0
-projectPath
C:/Users/woolp/1st
-logFile
Logs/AssetImportWorker0.log
-srvPort
60497
Successfully changed project path to: C:/Users/woolp/1st
C:/Users/woolp/1st
Using Asset Import Pipeline V2.
Refreshing native plugins compatible for Editor in 83.05 ms, found 3 plugins.
Preloading 0 native plugins for Editor in 0.00 ms.
Initialize engine version: 2020.3.13f1 (71691879b7f5)
[Subsystems] Discovering subsystems at path C:/Program Files/Unity/Hub/Editor/2020.3.13f1/Editor/Data/Resources/UnitySubsystems
[Subsystems] Discovering subsystems at path C:/Users/woolp/1st/Assets
GfxDevice: creating device client; threaded=0
Direct3D:
    Version:  Direct3D 11.0 [level 11.0]
    Renderer: Intel(R) HD Graphics 4000 (ID=0x166)
    Vendor:   
    VRAM:     128 MB
    Driver:   10.18.10.4358
Initialize mono
Mono path[0] = 'C:/Program Files/Unity/Hub/Editor/2020.3.13f1/Editor/Data/Managed'
Mono path[1] = 'C:/Program Files/Unity/Hub/Editor/2020.3.13f1/Editor/Data/MonoBleedingEdge/lib/mono/unityjit'
Mono config path = 'C:/Program Files/Unity/Hub/Editor/2020.3.13f1/Editor/Data/MonoBleedingEdge/etc'
Using monoOptions --debugger-agent=transport=dt_socket,embedding=1,server=y,suspend=n,address=127.0.0.1:56884
Begin MonoManager ReloadAssembly
Registering precompiled unity dll's ...
Register platform support module: C:/Program Files/Unity/Hub/Editor/2020.3.13f1/Editor/Data/PlaybackEngines/WebGLSupport/UnityEditor.WebGL.Extensions.dll
Register platform support module: C:/Program Files/Unity/Hub/Editor/2020.3.13f1/Editor/Data/PlaybackEngines/WindowsStandaloneSupport/UnityEditor.WindowsStandalone.Extensions.dll
Registered in 0.006378 seconds.
Native extension for WindowsStandalone target not found
Native extension for WebGL target not found
Refreshing native plugins compatible for Editor in 76.43 ms, found 3 plugins.
Preloading 0 native plugins for Editor in 0.00 ms.
Mono: successfully reloaded assembly
- Completed reload, in  2.212 seconds
Platform modules already initialized, skipping
Registering precompiled user dll's ...
Registered in 0.010377 seconds.
Begin MonoManager ReloadAssembly
Native extension for WindowsStandalone target not found
Native extension for WebGL target not found
Refreshing native plugins compatible for Editor in 72.05 ms, found 3 plugins.
Preloading 0 native plugins for Editor in 0.00 ms.
Mono: successfully reloaded assembly
- Completed reload, in  2.352 seconds
Platform modules already initialized, skipping
========================================================================
Worker process is ready to serve import requests
Launched and connected shader compiler UnityShaderCompiler.exe after 0.12 seconds
Refreshing native plugins compatible for Editor in 1.02 ms, found 3 plugins.
Preloading 0 native plugins for Editor in 0.00 ms.
Unloading 2237 Unused Serialized files (Serialized files now loaded: 0)
System memory in use before: 97.9 MB.
System memory in use after: 97.8 MB.

Unloading 34 unused Assets to reduce memory usage. Loaded Objects now: 2670.
Total: 3.405300 ms (FindLiveObjects: 0.265700 ms CreateObjectMapping: 0.112400 ms MarkObjects: 2.817600 ms  DeleteObjects: 0.206800 ms)

AssetImportParameters requested are different than current active one (requested -> active):
  custom:framework-win-MediaFoundation: 216162199b28c13a410421893ffa2e32 -> 
  custom:video-decoder-ogg-theora: a1e56fd34408186e4bbccfd4996cb3dc -> 
  custom:container-muxer-webm: aa71ff27fc2769a1b78a27578f13a17b -> 
  custom:container-demuxer-webm: 4f35f7cbe854078d1ac9338744f61a02 -> 
  custom:container-demuxer-ogg: 62fdf1f143b41e24485cea50d1cbac27 -> 
  custom:video-encoder-webm-vp8: eb34c28f22e8b96e1ab97ce403110664 -> 
  custom:video-decoder-webm-vp8: 9c59270c3fd7afecdb556c50c9e8de78 -> 
  custom:audio-decoder-ogg-vorbis: bf7c407c2cedff20999df2af8eb42d56 -> 
  custom:audio-encoder-webm-vorbis: bf7c407c2cedff20999df2af8eb42d56 -> 
========================================================================
Received Import Request.
  path: Assets/Sprites/Health Bar
  artifactKey: Guid(62a37b9185cab154baca78c363ec25f6) Importer(815301076,1909f56bfc062723c751e8b465ee728b)
Start importing Assets/Sprites/Health Bar using Guid(62a37b9185cab154baca78c363ec25f6) Importer(815301076,1909f56bfc062723c751e8b465ee728b)  -> (artifact id: 'a7202c1c41d31e480d759c69b82131a9') in 0.023343 seconds 
  Import took 0.033549 seconds .

========================================================================
Received Import Request.
  Time since last request: 0.910369 seconds.
  path: Assets/Sprites/Health Bar/HealthBar.png
  artifactKey: Guid(a646d6051d0cdd8468deb794a57c6174) Importer(815301076,1909f56bfc062723c751e8b465ee728b)
Start importing Assets/Sprites/Health Bar/HealthBar.png using Guid(a646d6051d0cdd8468deb794a57c6174) Importer(815301076,1909f56bfc062723c751e8b465ee728b)  -> (artifact id: 'd2e57ff0ad879faa8e6ecf1d6fae251e') in 0.304256 seconds 
  Import took 0.312643 seconds .

========================================================================
Received Import Request.
  Time since last request: 35.964404 seconds.
  path: Assets/Sprites/Health Bar/HealthBar.png
  artifactKey: Guid(a646d6051d0cdd8468deb794a57c6174) Importer(815301076,1909f56bfc062723c751e8b465ee728b)
Start importing Assets/Sprites/Health Bar/HealthBar.png using Guid(a646d6051d0cdd8468deb794a57c6174) Importer(815301076,1909f56bfc062723c751e8b465ee728b)  -> (artifact id: '32ccc776d884f20582aa44144f482e80') in 0.025077 seconds 
  Import took 0.037672 seconds .

========================================================================
Received Import Request.
  Time since last request: 0.019708 seconds.
  path: Assets/Sprites/Health Bar/HealthBar.png
  artifactKey: Guid(a646d6051d0cdd8468deb794a57c6174) Importer(815301076,1909f56bfc062723c751e8b465ee728b)
Start importing Assets/Sprites/Health Bar/HealthBar.png using Guid(a646d6051d0cdd8468deb794a57c6174) Importer(815301076,1909f56bfc062723c751e8b465ee728b)  -> (artifact id: '32ccc776d884f20582aa44144f482e80') in 0.017937 seconds 
  Import took 0.035160 seconds .

========================================================================
Received Import Request.
  Time since last request: 18.966212 seconds.
  path: Assets/Sprites/Health Bar/HealthBar.png
  artifactKey: Guid(a646d6051d0cdd8468deb794a57c6174) Importer(815301076,1909f56bfc062723c751e8b465ee728b)
Start importing Assets/Sprites/Health Bar/HealthBar.png using Guid(a646d6051d0cdd8468deb794a57c6174) Importer(815301076,1909f56bfc062723c751e8b465ee728b)  -> (artifact id: 'c1c3142c1829e9991c2b717bbc9c58a3') in 0.053278 seconds 
  Import took 0.062998 seconds .

========================================================================
Received Import Request.
  Time since last request: 1405.205866 seconds.
  path: Assets/Fonts
  artifactKey: Guid(395cc9ea42d57b54ca2837c68ee2408b) Importer(815301076,1909f56bfc062723c751e8b465ee728b)
Start importing Assets/Fonts using Guid(395cc9ea42d57b54ca2837c68ee2408b) Importer(815301076,1909f56bfc062723c751e8b465ee728b)  -> (artifact id: '0e3d8f4f846835393005a2a3aea70dbd') in 0.029994 seconds 
  Import took 0.050187 seconds .

========================================================================
Received Import Request.
  Time since last request: 42.386083 seconds.
  path: Assets/Fonts/slkscr.ttf
  artifactKey: Guid(bc17cce905d729f44a78eba7ffc6469f) Importer(815301076,1909f56bfc062723c751e8b465ee728b)
Start importing Assets/Fonts/slkscr.ttf using Guid(bc17cce905d729f44a78eba7ffc6469f) Importer(815301076,1909f56bfc062723c751e8b465ee728b)  -> (artifact id: 'd4af745031e6187d26e798ac2050427a') in 0.117853 seconds 
  Import took 0.126481 seconds .

========================================================================
Received Import Request.
  Time since last request: 353.672639 seconds.
  path: Assets/Prefabs/HealthBarObject.prefab
  artifactKey: Guid(66cdd16330e4fae4998cb86f35ed8be5) Importer(815301076,1909f56bfc062723c751e8b465ee728b)
Start importing Assets/Prefabs/HealthBarObject.prefab using Guid(66cdd16330e4fae4998cb86f35ed8be5) Importer(815301076,1909f56bfc062723c751e8b465ee728b)  -> (artifact id: 'c7610f1a7d19b43f42daca9312c89284') in 0.062728 seconds 
  Import took 0.070267 seconds .

========================================================================
Received Import Request.
  Time since last request: 0.011772 seconds.
  path: Assets/Prefabs/HealthBarObject.prefab
  artifactKey: Guid(66cdd16330e4fae4998cb86f35ed8be5) Importer(815301076,1909f56bfc062723c751e8b465ee728b)
Start importing Assets/Prefabs/HealthBarObject.prefab using Guid(66cdd16330e4fae4998cb86f35ed8be5) Importer(815301076,1909f56bfc062723c751e8b465ee728b)  -> (artifact id: 'c7610f1a7d19b43f42daca9312c89284') in 0.012531 seconds 
  Import took 0.021770 seconds .

========================================================================
Received Import Request.
  Time since last request: 516.876849 seconds.
  path: Assets/Scripts/Scriptable Objects/Heart.asset
  artifactKey: Guid(86dcf7f232d2cd14cb8d6eef46f897a7) Importer(815301076,1909f56bfc062723c751e8b465ee728b)
Start importing Assets/Scripts/Scriptable Objects/Heart.asset using Guid(86dcf7f232d2cd14cb8d6eef46f897a7) Importer(815301076,1909f56bfc062723c751e8b465ee728b)  -> (artifact id: 'fa4d4d953a005f779400b245fb7636ec') in 0.024903 seconds 
  Import took 0.033340 seconds .

========================================================================
Received Prepare
Registering precompiled user dll's ...
Registered in 0.014895 seconds.
Begin MonoManager ReloadAssembly
Native extension for WindowsStandalone target not found
Native extension for WebGL target not found
Refreshing native plugins compatible for Editor in 0.74 ms, found 3 plugins.
Preloading 0 native plugins for Editor in 0.00 ms.
Mono: successfully reloaded assembly
- Completed reload, in  1.718 seconds
Platform modules already initialized, skipping
Refreshing native plugins compatible for Editor in 1.13 ms, found 3 plugins.
Preloading 0 native plugins for Editor in 0.00 ms.
Unloading 2231 Unused Serialized files (Serialized files now loaded: 0)
System memory in use before: 101.3 MB.
System memory in use after: 101.4 MB.

Unloading 22 unused Assets to reduce memory usage. Loaded Objects now: 2728.
Total: 3.971800 ms (FindLiveObjects: 0.391500 ms CreateObjectMapping: 0.284600 ms MarkObjects: 3.119700 ms  DeleteObjects: 0.173700 ms)

AssetImportParameters requested are different than current active one (requested -> active):
  custom:framework-win-MediaFoundation: 216162199b28c13a410421893ffa2e32 -> 
  custom:video-decoder-ogg-theora: a1e56fd34408186e4bbccfd4996cb3dc -> 
  custom:container-muxer-webm: aa71ff27fc2769a1b78a27578f13a17b -> 
  custom:container-demuxer-webm: 4f35f7cbe854078d1ac9338744f61a02 -> 
  custom:container-demuxer-ogg: 62fdf1f143b41e24485cea50d1cbac27 -> 
  custom:video-encoder-webm-vp8: eb34c28f22e8b96e1ab97ce403110664 -> 
  custom:video-decoder-webm-vp8: 9c59270c3fd7afecdb556c50c9e8de78 -> 
  custom:audio-decoder-ogg-vorbis: bf7c407c2cedff20999df2af8eb42d56 -> 
  custom:audio-encoder-webm-vorbis: bf7c407c2cedff20999df2af8eb42d56 -> 
========================================================================
Received Import Request.
  Time since last request: 56.966247 seconds.
  path: Assets/Scripts/Scriptable Objects/HitPoints.cs
  artifactKey: Guid(1c02b7e091de8fb4186dd6c84d40a4f3) Importer(815301076,1909f56bfc062723c751e8b465ee728b)
Start importing Assets/Scripts/Scriptable Objects/HitPoints.cs using Guid(1c02b7e091de8fb4186dd6c84d40a4f3) Importer(815301076,1909f56bfc062723c751e8b465ee728b)  -> (artifact id: 'eb35e35511c269f53f244691203064db') in 0.052979 seconds 
  Import took 0.066029 seconds .

AssetImportWorkerClient::OnTransportError - code=2 error=End of file
